<?xml version="1.0" encoding="UTF-8"?>
<testng-results ignored="0" total="5" passed="4" failed="1" skipped="0">
  <reporter-output>
  </reporter-output>
  <suite started-at="2025-07-26T18:50:19 IST" name="Suite" finished-at="2025-07-26T18:50:55 IST" duration-ms="35803">
    <groups>
    </groups>
    <test started-at="2025-07-26T18:50:19 IST" name="Test" finished-at="2025-07-26T18:50:55 IST" duration-ms="35803">
      <class name="com.tmb.tests.OrangeHRMTest">
        <test-method is-config="true" signature="setup([Ljava.lang.Object;)[pri:0, instance:com.tmb.tests.OrangeHRMTest@7161d8d1]" started-at="2025-07-26T18:50:20 IST" name="setup" finished-at="2025-07-26T18:50:26 IST" duration-ms="5797" status="PASS">
          <params>
            <param index="0">
              <value>
                <![CDATA[[Ljava.lang.Object;@507d64aa]]>
              </value>
            </param>
          </params>
          <reporter-output>
          </reporter-output>
        </test-method> <!-- setup -->
        <test-method is-config="true" signature="setup([Ljava.lang.Object;)[pri:0, instance:com.tmb.tests.OrangeHRMTest@7161d8d1]" started-at="2025-07-26T18:50:20 IST" name="setup" finished-at="2025-07-26T18:50:30 IST" duration-ms="10557" status="PASS">
          <params>
            <param index="0">
              <value>
                <![CDATA[[Ljava.lang.Object;@37045b48]]>
              </value>
            </param>
          </params>
          <reporter-output>
          </reporter-output>
        </test-method> <!-- setup -->
        <test-method is-config="true" signature="setup([Ljava.lang.Object;)[pri:0, instance:com.tmb.tests.OrangeHRMTest@7161d8d1]" started-at="2025-07-26T18:50:20 IST" name="setup" finished-at="2025-07-26T18:50:29 IST" duration-ms="8987" status="PASS">
          <params>
            <param index="0">
              <value>
                <![CDATA[[Ljava.lang.Object;@60b34931]]>
              </value>
            </param>
          </params>
          <reporter-output>
          </reporter-output>
        </test-method> <!-- setup -->
        <test-method signature="loginLogoutTest(java.util.Map)[pri:0, instance:com.tmb.tests.OrangeHRMTest@7161d8d1]" started-at="2025-07-26T18:50:26 IST" name="loginLogoutTest" data-provider="getData" finished-at="2025-07-26T18:50:30 IST" duration-ms="4612" status="PASS">
          <params>
            <param index="0">
              <value>
                <![CDATA[{fname=testing mini bytes, password=admin123, browser=chrome, testname=loginLogoutTest, execute=yes, username=Admin}]]>
              </value>
            </param>
          </params>
          <reporter-output>
          </reporter-output>
        </test-method> <!-- loginLogoutTest -->
        <test-method signature="loginLogoutTest(java.util.Map)[pri:0, instance:com.tmb.tests.OrangeHRMTest@7161d8d1]" started-at="2025-07-26T18:50:29 IST" name="loginLogoutTest" data-provider="getData" finished-at="2025-07-26T18:50:41 IST" duration-ms="12405" status="FAIL">
          <params>
            <param index="0">
              <value>
                <![CDATA[{fname=subscribe, password=admin123, browser=firefox, testname=loginLogoutTest, execute=yes, username=admin123}]]>
              </value>
            </param>
          </params>
          <exception class="org.openqa.selenium.NoSuchElementException">
            <message>
              <![CDATA[Unable to locate element: .oxd\-userdropdown\-name
For documentation on this error, please visit: https://www.seleniumhq.org/exceptions/no_such_element.html
Build info: version: '3.141.59', revision: 'e82be7d358', time: '2018-11-14T08:17:03'
System info: host: 'SARIKA-PC', ip: '10.221.202.35', os.name: 'Windows 11', os.arch: 'amd64', os.version: '10.0', java.version: '17.0.12'
Driver info: org.openqa.selenium.firefox.FirefoxDriver
Capabilities {acceptInsecureCerts: true, browserName: firefox, browserVersion: 141.0, javascriptEnabled: true, moz:accessibilityChecks: false, moz:buildID: 20250717180000, moz:geckodriverVersion: 0.36.0, moz:headless: false, moz:platformVersion: 10.0, moz:processID: 7792, moz:profile: C:\Users\bhrx\AppData\Local..., moz:shutdownTimeout: 60000, moz:webdriverClick: true, moz:windowless: false, pageLoadStrategy: normal, platform: WINDOWS, platformName: WINDOWS, proxy: Proxy(), setWindowRect: true, strictFileInteractability: false, timeouts: {implicit: 0, pageLoad: 300000, script: 30000}, unhandledPromptBehavior: dismiss and notify, userAgent: Mozilla/5.0 (Windows NT 10....}
Session ID: 8758fb9e-8757-4648-9b0b-9f92ac313cf0
*** Element info: {Using=class name, value=oxd-userdropdown-name}]]>
            </message>
            <full-stacktrace>
              <![CDATA[org.openqa.selenium.NoSuchElementException: Unable to locate element: .oxd\-userdropdown\-name
For documentation on this error, please visit: https://www.seleniumhq.org/exceptions/no_such_element.html
Build info: version: '3.141.59', revision: 'e82be7d358', time: '2018-11-14T08:17:03'
System info: host: 'SARIKA-PC', ip: '10.221.202.35', os.name: 'Windows 11', os.arch: 'amd64', os.version: '10.0', java.version: '17.0.12'
Driver info: org.openqa.selenium.firefox.FirefoxDriver
Capabilities {acceptInsecureCerts: true, browserName: firefox, browserVersion: 141.0, javascriptEnabled: true, moz:accessibilityChecks: false, moz:buildID: 20250717180000, moz:geckodriverVersion: 0.36.0, moz:headless: false, moz:platformVersion: 10.0, moz:processID: 7792, moz:profile: C:\Users\bhrx\AppData\Local..., moz:shutdownTimeout: 60000, moz:webdriverClick: true, moz:windowless: false, pageLoadStrategy: normal, platform: WINDOWS, platformName: WINDOWS, proxy: Proxy(), setWindowRect: true, strictFileInteractability: false, timeouts: {implicit: 0, pageLoad: 300000, script: 30000}, unhandledPromptBehavior: dismiss and notify, userAgent: Mozilla/5.0 (Windows NT 10....}
Session ID: 8758fb9e-8757-4648-9b0b-9f92ac313cf0
*** Element info: {Using=class name, value=oxd-userdropdown-name}
at java.base/jdk.internal.reflect.NativeConstructorAccessorImpl.newInstance0(Native Method)
at java.base/jdk.internal.reflect.NativeConstructorAccessorImpl.newInstance(NativeConstructorAccessorImpl.java:77)
at java.base/jdk.internal.reflect.DelegatingConstructorAccessorImpl.newInstance(DelegatingConstructorAccessorImpl.java:45)
at java.base/java.lang.reflect.Constructor.newInstanceWithCaller(Constructor.java:500)
at java.base/java.lang.reflect.Constructor.newInstance(Constructor.java:481)
at org.openqa.selenium.remote.http.W3CHttpResponseCodec.createException(W3CHttpResponseCodec.java:187)
at org.openqa.selenium.remote.http.W3CHttpResponseCodec.decode(W3CHttpResponseCodec.java:122)
at org.openqa.selenium.remote.http.W3CHttpResponseCodec.decode(W3CHttpResponseCodec.java:49)
at org.openqa.selenium.remote.HttpCommandExecutor.execute(HttpCommandExecutor.java:158)
at org.openqa.selenium.remote.service.DriverCommandExecutor.execute(DriverCommandExecutor.java:83)
at org.openqa.selenium.remote.RemoteWebDriver.execute(RemoteWebDriver.java:552)
at org.openqa.selenium.remote.RemoteWebDriver.findElement(RemoteWebDriver.java:323)
at org.openqa.selenium.remote.RemoteWebDriver.findElementByClassName(RemoteWebDriver.java:412)
at org.openqa.selenium.By$ByClassName.findElement(By.java:389)
at org.openqa.selenium.remote.RemoteWebDriver.findElement(RemoteWebDriver.java:315)
at com.tmb.pages.BasePage.click(BasePage.java:10)
at com.tmb.pages.OrangeHRMHomePage.clickWelcome(OrangeHRMHomePage.java:17)
at com.tmb.tests.OrangeHRMTest.loginLogoutTest(OrangeHRMTest.java:22)
at java.base/jdk.internal.reflect.NativeMethodAccessorImpl.invoke0(Native Method)
at java.base/jdk.internal.reflect.NativeMethodAccessorImpl.invoke(NativeMethodAccessorImpl.java:77)
at java.base/jdk.internal.reflect.DelegatingMethodAccessorImpl.invoke(DelegatingMethodAccessorImpl.java:43)
at java.base/java.lang.reflect.Method.invoke(Method.java:569)
at org.testng.internal.invokers.MethodInvocationHelper.invokeMethod(MethodInvocationHelper.java:141)
at org.testng.internal.invokers.TestInvoker.invokeMethod(TestInvoker.java:686)
at org.testng.internal.invokers.TestInvoker.invokeTestMethod(TestInvoker.java:230)
at org.testng.internal.invokers.TestMethodWithDataProviderMethodWorker.call(TestMethodWithDataProviderMethodWorker.java:81)
at org.testng.internal.thread.Async$AsyncTask.run(Async.java:34)
at java.base/java.util.concurrent.ThreadPoolExecutor.runWorker(ThreadPoolExecutor.java:1136)
at java.base/java.util.concurrent.ThreadPoolExecutor$Worker.run(ThreadPoolExecutor.java:635)
at java.base/java.lang.Thread.run(Thread.java:840)
]]>
            </full-stacktrace>
          </exception> <!-- org.openqa.selenium.NoSuchElementException -->
          <reporter-output>
          </reporter-output>
        </test-method> <!-- loginLogoutTest -->
        <test-method is-config="true" signature="teardown()[pri:0, instance:com.tmb.tests.OrangeHRMTest@7161d8d1]" started-at="2025-07-26T18:50:30 IST" name="teardown" finished-at="2025-07-26T18:50:31 IST" duration-ms="354" status="PASS">
          <reporter-output>
          </reporter-output>
        </test-method> <!-- teardown -->
        <test-method signature="loginLogoutTest(java.util.Map)[pri:0, instance:com.tmb.tests.OrangeHRMTest@7161d8d1]" started-at="2025-07-26T18:50:30 IST" name="loginLogoutTest" data-provider="getData" finished-at="2025-07-26T18:50:34 IST" duration-ms="3133" status="PASS">
          <params>
            <param index="0">
              <value>
                <![CDATA[{fname=amuthan, password=admin123, browser=firefox, testname=loginLogoutTest, execute=yes, username=Admin}]]>
              </value>
            </param>
          </params>
          <reporter-output>
          </reporter-output>
        </test-method> <!-- loginLogoutTest -->
        <test-method is-config="true" signature="teardown()[pri:0, instance:com.tmb.tests.OrangeHRMTest@7161d8d1]" started-at="2025-07-26T18:50:34 IST" name="teardown" finished-at="2025-07-26T18:50:35 IST" duration-ms="1426" status="PASS">
          <reporter-output>
          </reporter-output>
        </test-method> <!-- teardown -->
        <test-method is-config="true" signature="teardown()[pri:0, instance:com.tmb.tests.OrangeHRMTest@7161d8d1]" started-at="2025-07-26T18:50:41 IST" name="teardown" finished-at="2025-07-26T18:50:42 IST" duration-ms="969" status="PASS">
          <reporter-output>
          </reporter-output>
        </test-method> <!-- teardown -->
        <test-method is-config="true" signature="setup([Ljava.lang.Object;)[pri:0, instance:com.tmb.tests.OrangeHRMTest@7161d8d1]" started-at="2025-07-26T18:50:42 IST" name="setup" finished-at="2025-07-26T18:50:49 IST" duration-ms="6993" status="PASS">
          <params>
            <param index="0">
              <value>
                <![CDATA[[Ljava.lang.Object;@4aa21f9d]]>
              </value>
            </param>
          </params>
          <reporter-output>
          </reporter-output>
        </test-method> <!-- setup -->
        <test-method is-config="true" signature="setup([Ljava.lang.Object;)[pri:0, instance:com.tmb.tests.OrangeHRMTest@7161d8d1]" started-at="2025-07-26T18:50:42 IST" name="setup" finished-at="2025-07-26T18:50:46 IST" duration-ms="3732" status="PASS">
          <params>
            <param index="0">
              <value>
                <![CDATA[[Ljava.lang.Object;@71c17a57]]>
              </value>
            </param>
          </params>
          <reporter-output>
          </reporter-output>
        </test-method> <!-- setup -->
        <test-method signature="newTest(java.util.Map)[pri:0, instance:com.tmb.tests.OrangeHRMTest@7161d8d1]" started-at="2025-07-26T18:50:46 IST" name="newTest" data-provider="getData" finished-at="2025-07-26T18:50:50 IST" duration-ms="3667" status="PASS">
          <params>
            <param index="0">
              <value>
                <![CDATA[{fname=, password=admin123, browser=chrome, testname=newTest, execute=yes, username=Admin}]]>
              </value>
            </param>
          </params>
          <reporter-output>
          </reporter-output>
        </test-method> <!-- newTest -->
        <test-method signature="newTest(java.util.Map)[pri:0, instance:com.tmb.tests.OrangeHRMTest@7161d8d1]" started-at="2025-07-26T18:50:49 IST" name="newTest" data-provider="getData" finished-at="2025-07-26T18:50:53 IST" duration-ms="3678" status="PASS">
          <params>
            <param index="0">
              <value>
                <![CDATA[{fname=, password=admin123, browser=firefox, testname=newTest, execute=yes, username=Admin}]]>
              </value>
            </param>
          </params>
          <reporter-output>
          </reporter-output>
        </test-method> <!-- newTest -->
        <test-method is-config="true" signature="teardown()[pri:0, instance:com.tmb.tests.OrangeHRMTest@7161d8d1]" started-at="2025-07-26T18:50:50 IST" name="teardown" finished-at="2025-07-26T18:50:50 IST" duration-ms="308" status="PASS">
          <reporter-output>
          </reporter-output>
        </test-method> <!-- teardown -->
        <test-method is-config="true" signature="teardown()[pri:0, instance:com.tmb.tests.OrangeHRMTest@7161d8d1]" started-at="2025-07-26T18:50:53 IST" name="teardown" finished-at="2025-07-26T18:50:55 IST" duration-ms="1507" status="PASS">
          <reporter-output>
          </reporter-output>
        </test-method> <!-- teardown -->
      </class> <!-- com.tmb.tests.OrangeHRMTest -->
    </test> <!-- Test -->
  </suite> <!-- Suite -->
</testng-results>
