<?xml version="1.0" encoding="UTF-8"?>
<!-- Generated by org.testng.reporters.JUnitXMLReporter -->
<testsuite ignored="2" hostname="Sarika-PC" failures="0" tests="2" name="Test(failed)(failed)" time="26.001" errors="0" timestamp="2026-03-24T00:04:04 IST">
  <testcase classname="com.tmb.tests.AdminFunctionalityTest" name="verifyThatTheAdminCanAddNewUser" time="14.025"/>
  <testcase classname="com.tmb.tests.AdminFunctionalityTest" name="verifyThatTheAdminCanAddNewUser" time="16.479"/>
  <testcase classname="com.tmb.tests.AdminFunctionalityTest" name="verifyThaTheNumberOfUserRecordsIncreasesAfterAddingANewUser" time="0.0">
    <ignored/>
  </testcase> <!-- verifyThaTheNumberOfUserRecordsIncreasesAfterAddingANewUser -->
  <testcase classname="com.tmb.tests.AdminFunctionalityTest" name="verifThatTheAdminCanChangeUserInformation" time="0.0">
    <ignored/>
  </testcase> <!-- verifThatTheAdminCanChangeUserInformation -->
</testsuite> <!-- Test(failed)(failed) -->
