<?xml version="1.0" encoding="UTF-8"?>
<!-- Generated by org.testng.reporters.JUnitReportReporter -->
<testsuite hostname="Sarika-PC" failures="0" tests="4" name="com.tmb.tests.AdminFunctionalityTest" time="318.396" errors="0" timestamp="2026-03-24T00:07:09 IST" skipped="0">
  <testcase classname="com.tmb.tests.AdminFunctionalityTest" name="verifyThatTheAdminCanAddNewUser" time="47.042"/>
  <testcase classname="com.tmb.tests.AdminFunctionalityTest" name="verifyThatTheAdminCanAddNewUser" time="36.425"/>
  <testcase classname="com.tmb.tests.AdminFunctionalityTest" name="verifyThaTheNumberOfUserRecordsIncreasesAfterAddingANewUser" time="130.795"/>
  <testcase classname="com.tmb.tests.AdminFunctionalityTest" name="verifyThaTheNumberOfUserRecordsIncreasesAfterAddingANewUser" time="104.134"/>
</testsuite> <!-- com.tmb.tests.AdminFunctionalityTest -->
