<?xml version="1.0" encoding="UTF-8"?>
<!-- Generated by org.testng.reporters.JUnitReportReporter -->
<testsuite hostname="Sarika-PC" failures="0" tests="4" name="com.tmb.tests.AdminFunctionalityTest" time="198.415" errors="0" timestamp="2026-03-26T23:19:56 IST" skipped="0">
  <testcase classname="com.tmb.tests.AdminFunctionalityTest" name="verifyThatTheAdminCanAddNewUser" time="34.872"/>
  <testcase classname="com.tmb.tests.AdminFunctionalityTest" name="verifyThatTheAdminCanAddNewUser" time="67.262"/>
  <testcase classname="com.tmb.tests.AdminFunctionalityTest" name="verifyThaTheNumberOfUserRecordsIncreasesAfterAddingANewUser" time="47.785"/>
  <testcase classname="com.tmb.tests.AdminFunctionalityTest" name="verifyThaTheNumberOfUserRecordsIncreasesAfterAddingANewUser" time="48.496"/>
</testsuite> <!-- com.tmb.tests.AdminFunctionalityTest -->
