<?xml version="1.0" encoding="UTF-8"?>
<!-- Generated by org.testng.reporters.JUnitXMLReporter -->
<testsuite ignored="0" hostname="Sarika-PC" failures="0" tests="12" name="Test" time="52.034" errors="0" timestamp="2025-07-30T00:38:00 GMT+05:30">
  <testcase classname="com.tmb.tests.OrangeHRMLoginFunctionalityTest" name="verifyThatAdminCannotLogInWithOnlyPasswordFilled" time="2.914"/>
  <testcase classname="com.tmb.tests.OrangeHRMLoginFunctionalityTest" name="verifyThatAdminCannotLogInWithOnlyUsernameFilled" time="2.806"/>
  <testcase classname="com.tmb.tests.OrangeHRMLoginFunctionalityTest" name="verifyThatAdminCannotLogInWithInvalidCredentials" time="4.46"/>
  <testcase classname="com.tmb.tests.OrangeHRMLoginFunctionalityTest" name="verifyThatAdminCanLogInWithValidCredentials" time="7.182"/>
  <testcase classname="com.tmb.tests.UserAccountManagementTest" name="verifyThatUserCanChangePasswordWithValidCredentials" time="11.997"/>
  <testcase classname="com.tmb.tests.OrangeHRMLoginFunctionalityTest" name="verifyThatAdminCannotLogInWithOnlyPasswordFilled" time="0.583"/>
  <testcase classname="com.tmb.tests.OrangeHRMLoginFunctionalityTest" name="verifyThatAdminCannotLogInWithOnlyUsernameFilled" time="1.177"/>
  <testcase classname="com.tmb.tests.OrangeHRMLoginFunctionalityTest" name="verifyThatAdminCannotLogInWithInvalidCredentials" time="3.644"/>
  <testcase classname="com.tmb.tests.OrangeHRMLoginFunctionalityTest" name="verifyThatAdminCanLogInWithValidCredentials" time="6.14"/>
  <testcase classname="com.tmb.tests.UserAccountManagementTest" name="verifyThatUserCanChangePasswordWithValidCredentials" time="12.787"/>
  <testcase classname="com.tmb.tests.UserAccountManagementTest" name="verifyThatUserCannotChangePasswordWithInvalidCurrentPassword" time="8.913"/>
  <testcase classname="com.tmb.tests.UserAccountManagementTest" name="verifyThatUserCannotChangePasswordWithInvalidCurrentPassword" time="8.061"/>
</testsuite> <!-- Test -->
